2015-11-24 8:26:50 - PHP Notice:  Undefined index: key in C:\xampp\htdocs\opencart\catalog\controller\api\product.php on line 18
2015-11-24 8:26:50 - PHP Notice:  Undefined index: stock in C:\xampp\htdocs\opencart\catalog\controller\api\product.php on line 23
2015-11-24 8:26:50 - PHP Notice:  Undefined index: shipping in C:\xampp\htdocs\opencart\catalog\controller\api\product.php on line 24
2015-11-24 8:26:50 - PHP Notice:  Undefined index: key in C:\xampp\htdocs\opencart\catalog\controller\api\product.php on line 18
2015-11-24 8:26:50 - PHP Notice:  Undefined index: stock in C:\xampp\htdocs\opencart\catalog\controller\api\product.php on line 23
2015-11-24 8:26:50 - PHP Notice:  Undefined index: shipping in C:\xampp\htdocs\opencart\catalog\controller\api\product.php on line 24
2015-11-24 8:26:50 - PHP Notice:  Undefined index: key in C:\xampp\htdocs\opencart\catalog\controller\api\product.php on line 18
2015-11-24 8:26:50 - PHP Notice:  Undefined index: stock in C:\xampp\htdocs\opencart\catalog\controller\api\product.php on line 23
2015-11-24 8:26:50 - PHP Notice:  Undefined index: shipping in C:\xampp\htdocs\opencart\catalog\controller\api\product.php on line 24
2015-11-24 8:26:50 - PHP Notice:  Undefined index: key in C:\xampp\htdocs\opencart\catalog\controller\api\product.php on line 18
2015-11-24 8:26:50 - PHP Notice:  Undefined index: stock in C:\xampp\htdocs\opencart\catalog\controller\api\product.php on line 23
2015-11-24 8:26:50 - PHP Notice:  Undefined index: shipping in C:\xampp\htdocs\opencart\catalog\controller\api\product.php on line 24
2015-11-24 8:26:50 - PHP Notice:  Undefined index: key in C:\xampp\htdocs\opencart\catalog\controller\api\product.php on line 18
2015-11-24 8:26:50 - PHP Notice:  Undefined index: stock in C:\xampp\htdocs\opencart\catalog\controller\api\product.php on line 23
2015-11-24 8:26:50 - PHP Notice:  Undefined index: shipping in C:\xampp\htdocs\opencart\catalog\controller\api\product.php on line 24
2015-11-24 8:26:50 - PHP Notice:  Undefined index: key in C:\xampp\htdocs\opencart\catalog\controller\api\product.php on line 18
2015-11-24 8:26:50 - PHP Notice:  Undefined index: stock in C:\xampp\htdocs\opencart\catalog\controller\api\product.php on line 23
2015-11-24 8:26:50 - PHP Notice:  Undefined index: shipping in C:\xampp\htdocs\opencart\catalog\controller\api\product.php on line 24
2015-11-24 8:26:50 - PHP Notice:  Undefined index: key in C:\xampp\htdocs\opencart\catalog\controller\api\product.php on line 18
2015-11-24 8:26:50 - PHP Notice:  Undefined index: stock in C:\xampp\htdocs\opencart\catalog\controller\api\product.php on line 23
2015-11-24 8:26:50 - PHP Notice:  Undefined index: shipping in C:\xampp\htdocs\opencart\catalog\controller\api\product.php on line 24
2015-11-24 8:26:50 - PHP Notice:  Undefined index: key in C:\xampp\htdocs\opencart\catalog\controller\api\product.php on line 18
2015-11-24 8:26:50 - PHP Notice:  Undefined index: stock in C:\xampp\htdocs\opencart\catalog\controller\api\product.php on line 23
2015-11-24 8:26:50 - PHP Notice:  Undefined index: shipping in C:\xampp\htdocs\opencart\catalog\controller\api\product.php on line 24
2015-11-24 8:26:50 - PHP Notice:  Undefined index: key in C:\xampp\htdocs\opencart\catalog\controller\api\product.php on line 18
2015-11-24 8:26:50 - PHP Notice:  Undefined index: stock in C:\xampp\htdocs\opencart\catalog\controller\api\product.php on line 23
2015-11-24 8:26:50 - PHP Notice:  Undefined index: shipping in C:\xampp\htdocs\opencart\catalog\controller\api\product.php on line 24
2015-11-24 8:26:50 - PHP Notice:  Undefined index: key in C:\xampp\htdocs\opencart\catalog\controller\api\product.php on line 18
2015-11-24 8:26:50 - PHP Notice:  Undefined index: stock in C:\xampp\htdocs\opencart\catalog\controller\api\product.php on line 23
2015-11-24 8:26:50 - PHP Notice:  Undefined index: shipping in C:\xampp\htdocs\opencart\catalog\controller\api\product.php on line 24
2015-11-24 8:26:50 - PHP Notice:  Undefined index: key in C:\xampp\htdocs\opencart\catalog\controller\api\product.php on line 18
2015-11-24 8:26:50 - PHP Notice:  Undefined index: stock in C:\xampp\htdocs\opencart\catalog\controller\api\product.php on line 23
2015-11-24 8:26:50 - PHP Notice:  Undefined index: shipping in C:\xampp\htdocs\opencart\catalog\controller\api\product.php on line 24
2015-11-24 8:26:50 - PHP Notice:  Undefined index: key in C:\xampp\htdocs\opencart\catalog\controller\api\product.php on line 18
2015-11-24 8:26:50 - PHP Notice:  Undefined index: stock in C:\xampp\htdocs\opencart\catalog\controller\api\product.php on line 23
2015-11-24 8:26:50 - PHP Notice:  Undefined index: shipping in C:\xampp\htdocs\opencart\catalog\controller\api\product.php on line 24
2015-11-24 8:26:50 - PHP Notice:  Undefined index: key in C:\xampp\htdocs\opencart\catalog\controller\api\product.php on line 18
2015-11-24 8:26:50 - PHP Notice:  Undefined index: stock in C:\xampp\htdocs\opencart\catalog\controller\api\product.php on line 23
2015-11-24 8:26:50 - PHP Notice:  Undefined index: shipping in C:\xampp\htdocs\opencart\catalog\controller\api\product.php on line 24
2015-11-24 8:26:50 - PHP Notice:  Undefined index: key in C:\xampp\htdocs\opencart\catalog\controller\api\product.php on line 18
2015-11-24 8:26:50 - PHP Notice:  Undefined index: stock in C:\xampp\htdocs\opencart\catalog\controller\api\product.php on line 23
2015-11-24 8:26:50 - PHP Notice:  Undefined index: shipping in C:\xampp\htdocs\opencart\catalog\controller\api\product.php on line 24
2015-11-24 8:26:50 - PHP Notice:  Undefined index: key in C:\xampp\htdocs\opencart\catalog\controller\api\product.php on line 18
2015-11-24 8:26:50 - PHP Notice:  Undefined index: stock in C:\xampp\htdocs\opencart\catalog\controller\api\product.php on line 23
2015-11-24 8:26:50 - PHP Notice:  Undefined index: shipping in C:\xampp\htdocs\opencart\catalog\controller\api\product.php on line 24
2015-11-24 8:26:50 - PHP Notice:  Undefined index: key in C:\xampp\htdocs\opencart\catalog\controller\api\product.php on line 18
2015-11-24 8:26:50 - PHP Notice:  Undefined index: stock in C:\xampp\htdocs\opencart\catalog\controller\api\product.php on line 23
2015-11-24 8:26:50 - PHP Notice:  Undefined index: shipping in C:\xampp\htdocs\opencart\catalog\controller\api\product.php on line 24
2015-11-24 8:26:50 - PHP Notice:  Undefined index: key in C:\xampp\htdocs\opencart\catalog\controller\api\product.php on line 18
2015-11-24 8:26:50 - PHP Notice:  Undefined index: stock in C:\xampp\htdocs\opencart\catalog\controller\api\product.php on line 23
2015-11-24 8:26:50 - PHP Notice:  Undefined index: shipping in C:\xampp\htdocs\opencart\catalog\controller\api\product.php on line 24
2015-11-24 8:26:50 - PHP Notice:  Undefined index: key in C:\xampp\htdocs\opencart\catalog\controller\api\product.php on line 18
2015-11-24 8:26:50 - PHP Notice:  Undefined index: stock in C:\xampp\htdocs\opencart\catalog\controller\api\product.php on line 23
2015-11-24 8:26:50 - PHP Notice:  Undefined index: shipping in C:\xampp\htdocs\opencart\catalog\controller\api\product.php on line 24
2015-11-24 8:26:50 - PHP Notice:  Undefined index: key in C:\xampp\htdocs\opencart\catalog\controller\api\product.php on line 18
2015-11-24 8:26:50 - PHP Notice:  Undefined index: stock in C:\xampp\htdocs\opencart\catalog\controller\api\product.php on line 23
2015-11-24 8:26:50 - PHP Notice:  Undefined index: shipping in C:\xampp\htdocs\opencart\catalog\controller\api\product.php on line 24
2015-11-24 8:27:29 - PHP Notice:  Undefined index: stock in C:\xampp\htdocs\opencart\catalog\controller\api\product.php on line 22
2015-11-24 8:27:29 - PHP Notice:  Undefined index: shipping in C:\xampp\htdocs\opencart\catalog\controller\api\product.php on line 23
2015-11-24 8:27:29 - PHP Notice:  Undefined index: stock in C:\xampp\htdocs\opencart\catalog\controller\api\product.php on line 22
2015-11-24 8:27:29 - PHP Notice:  Undefined index: shipping in C:\xampp\htdocs\opencart\catalog\controller\api\product.php on line 23
2015-11-24 8:27:29 - PHP Notice:  Undefined index: stock in C:\xampp\htdocs\opencart\catalog\controller\api\product.php on line 22
2015-11-24 8:27:29 - PHP Notice:  Undefined index: shipping in C:\xampp\htdocs\opencart\catalog\controller\api\product.php on line 23
2015-11-24 8:27:29 - PHP Notice:  Undefined index: stock in C:\xampp\htdocs\opencart\catalog\controller\api\product.php on line 22
2015-11-24 8:27:29 - PHP Notice:  Undefined index: shipping in C:\xampp\htdocs\opencart\catalog\controller\api\product.php on line 23
2015-11-24 8:27:29 - PHP Notice:  Undefined index: stock in C:\xampp\htdocs\opencart\catalog\controller\api\product.php on line 22
2015-11-24 8:27:29 - PHP Notice:  Undefined index: shipping in C:\xampp\htdocs\opencart\catalog\controller\api\product.php on line 23
2015-11-24 8:27:29 - PHP Notice:  Undefined index: stock in C:\xampp\htdocs\opencart\catalog\controller\api\product.php on line 22
2015-11-24 8:27:29 - PHP Notice:  Undefined index: shipping in C:\xampp\htdocs\opencart\catalog\controller\api\product.php on line 23
2015-11-24 8:27:29 - PHP Notice:  Undefined index: stock in C:\xampp\htdocs\opencart\catalog\controller\api\product.php on line 22
2015-11-24 8:27:29 - PHP Notice:  Undefined index: shipping in C:\xampp\htdocs\opencart\catalog\controller\api\product.php on line 23
2015-11-24 8:27:29 - PHP Notice:  Undefined index: stock in C:\xampp\htdocs\opencart\catalog\controller\api\product.php on line 22
2015-11-24 8:27:29 - PHP Notice:  Undefined index: shipping in C:\xampp\htdocs\opencart\catalog\controller\api\product.php on line 23
2015-11-24 8:27:29 - PHP Notice:  Undefined index: stock in C:\xampp\htdocs\opencart\catalog\controller\api\product.php on line 22
2015-11-24 8:27:29 - PHP Notice:  Undefined index: shipping in C:\xampp\htdocs\opencart\catalog\controller\api\product.php on line 23
2015-11-24 8:27:29 - PHP Notice:  Undefined index: stock in C:\xampp\htdocs\opencart\catalog\controller\api\product.php on line 22
2015-11-24 8:27:29 - PHP Notice:  Undefined index: shipping in C:\xampp\htdocs\opencart\catalog\controller\api\product.php on line 23
2015-11-24 8:27:29 - PHP Notice:  Undefined index: stock in C:\xampp\htdocs\opencart\catalog\controller\api\product.php on line 22
2015-11-24 8:27:29 - PHP Notice:  Undefined index: shipping in C:\xampp\htdocs\opencart\catalog\controller\api\product.php on line 23
2015-11-24 8:27:29 - PHP Notice:  Undefined index: stock in C:\xampp\htdocs\opencart\catalog\controller\api\product.php on line 22
2015-11-24 8:27:29 - PHP Notice:  Undefined index: shipping in C:\xampp\htdocs\opencart\catalog\controller\api\product.php on line 23
2015-11-24 8:27:29 - PHP Notice:  Undefined index: stock in C:\xampp\htdocs\opencart\catalog\controller\api\product.php on line 22
2015-11-24 8:27:29 - PHP Notice:  Undefined index: shipping in C:\xampp\htdocs\opencart\catalog\controller\api\product.php on line 23
2015-11-24 8:27:29 - PHP Notice:  Undefined index: stock in C:\xampp\htdocs\opencart\catalog\controller\api\product.php on line 22
2015-11-24 8:27:29 - PHP Notice:  Undefined index: shipping in C:\xampp\htdocs\opencart\catalog\controller\api\product.php on line 23
2015-11-24 8:27:29 - PHP Notice:  Undefined index: stock in C:\xampp\htdocs\opencart\catalog\controller\api\product.php on line 22
2015-11-24 8:27:29 - PHP Notice:  Undefined index: shipping in C:\xampp\htdocs\opencart\catalog\controller\api\product.php on line 23
2015-11-24 8:27:29 - PHP Notice:  Undefined index: stock in C:\xampp\htdocs\opencart\catalog\controller\api\product.php on line 22
2015-11-24 8:27:29 - PHP Notice:  Undefined index: shipping in C:\xampp\htdocs\opencart\catalog\controller\api\product.php on line 23
2015-11-24 8:27:29 - PHP Notice:  Undefined index: stock in C:\xampp\htdocs\opencart\catalog\controller\api\product.php on line 22
2015-11-24 8:27:29 - PHP Notice:  Undefined index: shipping in C:\xampp\htdocs\opencart\catalog\controller\api\product.php on line 23
2015-11-24 8:27:29 - PHP Notice:  Undefined index: stock in C:\xampp\htdocs\opencart\catalog\controller\api\product.php on line 22
2015-11-24 8:27:29 - PHP Notice:  Undefined index: shipping in C:\xampp\htdocs\opencart\catalog\controller\api\product.php on line 23
2015-11-24 8:27:29 - PHP Notice:  Undefined index: stock in C:\xampp\htdocs\opencart\catalog\controller\api\product.php on line 22
2015-11-24 8:27:29 - PHP Notice:  Undefined index: shipping in C:\xampp\htdocs\opencart\catalog\controller\api\product.php on line 23
2015-11-24 8:27:39 - PHP Notice:  Undefined index: shipping in C:\xampp\htdocs\opencart\catalog\controller\api\product.php on line 22
2015-11-24 8:27:39 - PHP Notice:  Undefined index: shipping in C:\xampp\htdocs\opencart\catalog\controller\api\product.php on line 22
2015-11-24 8:27:39 - PHP Notice:  Undefined index: shipping in C:\xampp\htdocs\opencart\catalog\controller\api\product.php on line 22
2015-11-24 8:27:39 - PHP Notice:  Undefined index: shipping in C:\xampp\htdocs\opencart\catalog\controller\api\product.php on line 22
2015-11-24 8:27:39 - PHP Notice:  Undefined index: shipping in C:\xampp\htdocs\opencart\catalog\controller\api\product.php on line 22
2015-11-24 8:27:39 - PHP Notice:  Undefined index: shipping in C:\xampp\htdocs\opencart\catalog\controller\api\product.php on line 22
2015-11-24 8:27:39 - PHP Notice:  Undefined index: shipping in C:\xampp\htdocs\opencart\catalog\controller\api\product.php on line 22
2015-11-24 8:27:39 - PHP Notice:  Undefined index: shipping in C:\xampp\htdocs\opencart\catalog\controller\api\product.php on line 22
2015-11-24 8:27:39 - PHP Notice:  Undefined index: shipping in C:\xampp\htdocs\opencart\catalog\controller\api\product.php on line 22
2015-11-24 8:27:39 - PHP Notice:  Undefined index: shipping in C:\xampp\htdocs\opencart\catalog\controller\api\product.php on line 22
2015-11-24 8:27:39 - PHP Notice:  Undefined index: shipping in C:\xampp\htdocs\opencart\catalog\controller\api\product.php on line 22
2015-11-24 8:27:39 - PHP Notice:  Undefined index: shipping in C:\xampp\htdocs\opencart\catalog\controller\api\product.php on line 22
2015-11-24 8:27:39 - PHP Notice:  Undefined index: shipping in C:\xampp\htdocs\opencart\catalog\controller\api\product.php on line 22
2015-11-24 8:27:39 - PHP Notice:  Undefined index: shipping in C:\xampp\htdocs\opencart\catalog\controller\api\product.php on line 22
2015-11-24 8:27:39 - PHP Notice:  Undefined index: shipping in C:\xampp\htdocs\opencart\catalog\controller\api\product.php on line 22
2015-11-24 8:27:39 - PHP Notice:  Undefined index: shipping in C:\xampp\htdocs\opencart\catalog\controller\api\product.php on line 22
2015-11-24 8:27:39 - PHP Notice:  Undefined index: shipping in C:\xampp\htdocs\opencart\catalog\controller\api\product.php on line 22
2015-11-24 8:27:39 - PHP Notice:  Undefined index: shipping in C:\xampp\htdocs\opencart\catalog\controller\api\product.php on line 22
2015-11-24 8:27:39 - PHP Notice:  Undefined index: shipping in C:\xampp\htdocs\opencart\catalog\controller\api\product.php on line 22
2015-11-25 13:12:56 - PHP Warning:  unlink(/opt/lampp/htdocs/oc-api/opencart/system/cache/cache.country.status.1448449118): No such file or directory in /opt/lampp/htdocs/oc-api/opencart/system/library/cache/file.php on line 17
2015-11-25 13:12:56 - PHP Warning:  unlink(/opt/lampp/htdocs/oc-api/opencart/system/cache/cache.language.1448449109): No such file or directory in /opt/lampp/htdocs/oc-api/opencart/system/library/cache/file.php on line 17
